Progress Report/NEW EEL CODE/app/build/outputs/logs/manifest-merger-debug-report.txt
-- Merging decision tree log ---
manifest
ADDED from AndroidManifest.xml:19:1
	xmlns:tools
		ADDED from AndroidManifest.xml:20:11
	xmlns:android
		ADDED from AndroidManifest.xml:19:11
	package
		ADDED from AndroidManifest.xml:21:11
		INJECTED from AndroidManifest.xml:0:0
		INJECTED from AndroidManifest.xml:0:0
	android:versionName
		ADDED from AndroidManifest.xml:23:3
	android:versionCode
		ADDED from AndroidManifest.xml:22:3
		INJECTED from AndroidManifest.xml:0:0
		INJECTED from AndroidManifest.xml:0:0
uses-sdk
ADDED from AndroidManifest.xml:26:3
	android:targetSdkVersion
		ADDED from AndroidManifest.xml:26:39
		INJECTED from AndroidManifest.xml:0:0
		INJECTED from AndroidManifest.xml:0:0
	android:minSdkVersion
		ADDED from AndroidManifest.xml:26:13
		INJECTED from AndroidManifest.xml:0:0
		INJECTED from AndroidManifest.xml:0:0
	tools:ignore
		ADDED from AndroidManifest.xml:27:13
application
ADDED from AndroidManifest.xml:29:3
	android:label
		ADDED from AndroidManifest.xml:29:16
	android:icon
		ADDED from AndroidManifest.xml:30:5
	android:theme
		ADDED from AndroidManifest.xml:31:5
	android:backupAgent
		ADDED from AndroidManifest.xml:32:5
	tools:ignore
		ADDED from AndroidManifest.xml:33:5
activity#com.nickeyre.snake.TitleScreen
ADDED from AndroidManifest.xml:36:5
	android:screenOrientation
		ADDED from AndroidManifest.xml:38:7
	android:configChanges
		ADDED from AndroidManifest.xml:39:7
	android:name
		ADDED from AndroidManifest.xml:37:7
intent-filter#android.intent.action.MAIN+android.intent.category.LAUNCHER
ADDED from AndroidManifest.xml:40:7
action#android.intent.action.MAIN
ADDED from AndroidManifest.xml:41:9
	android:name
		ADDED from AndroidManifest.xml:41:17
category#android.intent.category.LAUNCHER
ADDED from AndroidManifest.xml:42:9
	android:name
		ADDED from AndroidManifest.xml:42:19
activity#com.nickeyre.snake.GameScreen
ADDED from AndroidManifest.xml:47:5
	android:screenOrientation
		ADDED from AndroidManifest.xml:49:7
	android:label
		ADDED from AndroidManifest.xml:47:15
	android:configChanges
		ADDED from AndroidManifest.xml:50:7
	android:name
		ADDED from AndroidManifest.xml:48:7
activity#com.nickeyre.snake.OptionsScreen
ADDED from AndroidManifest.xml:54:5
	android:screenOrientation
		ADDED from AndroidManifest.xml:56:7
	android:label
		ADDED from AndroidManifest.xml:54:15
	android:configChanges
		ADDED from AndroidManifest.xml:57:7
	android:name
		ADDED from AndroidManifest.xml:55:7
meta-data#com.google.android.backup.api_key
ADDED from AndroidManifest.xml:60:5
	android:name
		ADDED from AndroidManifest.xml:60:16
	android:value
		ADDED from AndroidManifest.xml:60:65